<?xml version="1.0" encoding="UTF-8"?>
<testsuite xmlns:xsi="http://www.w3.org/2001/XMLSchema-instance" xsi:noNamespaceSchemaLocation="https://maven.apache.org/surefire/maven-surefire-plugin/xsd/surefire-test-report.xsd" name="org.apache.commons.lang3.text.StrTokenizerTest" time="0.002" tests="55" errors="0" skipped="0" failures="0">
  <properties>
[...]
</properties>
  <testcase name="testCSVSimple" classname="org.apache.commons.lang3.text.StrTokenizerTest" time="0"/>
  <testcase name="testBasicDelim1" classname="org.apache.commons.lang3.text.StrTokenizerTest" time="0"/>
  <testcase name="testBasicDelim2" classname="org.apache.commons.lang3.text.StrTokenizerTest" time="0"/>
  <testcase name="testBasicEmpty1" classname="org.apache.commons.lang3.text.StrTokenizerTest" time="0"/>
  <testcase name="testBasicEmpty2" classname="org.apache.commons.lang3.text.StrTokenizerTest" time="0"/>
  <testcase name="testConstructor_charArray_char" classname="org.apache.commons.lang3.text.StrTokenizerTest" time="0"/>
  <testcase name="testTSV" classname="org.apache.commons.lang3.text.StrTokenizerTest" time="0"/>
  <testcase name="testIteration" classname="org.apache.commons.lang3.text.StrTokenizerTest" time="0"/>
  <testcase name="testConstructor_String_char_char" classname="org.apache.commons.lang3.text.StrTokenizerTest" time="0"/>
  <testcase name="testReset" classname="org.apache.commons.lang3.text.StrTokenizerTest" time="0"/>
  <testcase name="testReset_charArray" classname="org.apache.commons.lang3.text.StrTokenizerTest" time="0"/>
  <testcase name="testToString" classname="org.apache.commons.lang3.text.StrTokenizerTest" time="0"/>
  <testcase name="testTokenizeSubclassOutputChange" classname="org.apache.commons.lang3.text.StrTokenizerTest" time="0"/>
  <testcase name="testListArray" classname="org.apache.commons.lang3.text.StrTokenizerTest" time="0"/>
  <testcase name="testBasicQuoted1" classname="org.apache.commons.lang3.text.StrTokenizerTest" time="0"/>
  <testcase name="testBasicQuoted2" classname="org.apache.commons.lang3.text.StrTokenizerTest" time="0"/>
  <testcase name="testBasicQuoted3" classname="org.apache.commons.lang3.text.StrTokenizerTest" time="0"/>
  <testcase name="testBasicQuoted4" classname="org.apache.commons.lang3.text.StrTokenizerTest" time="0"/>
  <testcase name="testBasicQuoted5" classname="org.apache.commons.lang3.text.StrTokenizerTest" time="0"/>
  <testcase name="testBasicQuoted6" classname="org.apache.commons.lang3.text.StrTokenizerTest" time="0"/>
  <testcase name="testBasicQuoted7" classname="org.apache.commons.lang3.text.StrTokenizerTest" time="0"/>
  <testcase name="testCloneNotSupportedException" classname="org.apache.commons.lang3.text.StrTokenizerTest" time="0.001"/>
  <testcase name="testReset_String" classname="org.apache.commons.lang3.text.StrTokenizerTest" time="0"/>
  <testcase name="testTSVEmpty" classname="org.apache.commons.lang3.text.StrTokenizerTest" time="0"/>
  <testcase name="testConstructor_String" classname="org.apache.commons.lang3.text.StrTokenizerTest" time="0"/>
  <testcase name="testCloneNull" classname="org.apache.commons.lang3.text.StrTokenizerTest" time="0"/>
  <testcase name="test1" classname="org.apache.commons.lang3.text.StrTokenizerTest" time="0"/>
  <testcase name="test2" classname="org.apache.commons.lang3.text.StrTokenizerTest" time="0"/>
  <testcase name="test3" classname="org.apache.commons.lang3.text.StrTokenizerTest" time="0"/>
  <testcase name="test4" classname="org.apache.commons.lang3.text.StrTokenizerTest" time="0"/>
  <testcase name="test5" classname="org.apache.commons.lang3.text.StrTokenizerTest" time="0"/>
  <testcase name="test6" classname="org.apache.commons.lang3.text.StrTokenizerTest" time="0"/>
  <testcase name="test7" classname="org.apache.commons.lang3.text.StrTokenizerTest" time="0"/>
  <testcase name="test8" classname="org.apache.commons.lang3.text.StrTokenizerTest" time="0"/>
  <testcase name="testConstructor_String_char" classname="org.apache.commons.lang3.text.StrTokenizerTest" time="0"/>
  <testcase name="testTokenizeSubclassInputChange" classname="org.apache.commons.lang3.text.StrTokenizerTest" time="0"/>
  <testcase name="testCSVEmpty" classname="org.apache.commons.lang3.text.StrTokenizerTest" time="0"/>
  <testcase name="testConstructor_charArray" classname="org.apache.commons.lang3.text.StrTokenizerTest" time="0"/>
  <testcase name="testConstructor_charArray_char_char" classname="org.apache.commons.lang3.text.StrTokenizerTest" time="0"/>
  <testcase name="testCSVSimpleNeedsTrim" classname="org.apache.commons.lang3.text.StrTokenizerTest" time="0"/>
  <testcase name="testBasicIgnoreTrimmed1" classname="org.apache.commons.lang3.text.StrTokenizerTest" time="0.001"/>
  <testcase name="testBasicIgnoreTrimmed2" classname="org.apache.commons.lang3.text.StrTokenizerTest" time="0"/>
  <testcase name="testBasicIgnoreTrimmed3" classname="org.apache.commons.lang3.text.StrTokenizerTest" time="0"/>
  <testcase name="testBasicIgnoreTrimmed4" classname="org.apache.commons.lang3.text.StrTokenizerTest" time="0"/>
  <testcase name="testBasicQuotedTrimmed1" classname="org.apache.commons.lang3.text.StrTokenizerTest" time="0"/>
  <testcase name="testBasic1" classname="org.apache.commons.lang3.text.StrTokenizerTest" time="0"/>
  <testcase name="testBasic2" classname="org.apache.commons.lang3.text.StrTokenizerTest" time="0"/>
  <testcase name="testBasic3" classname="org.apache.commons.lang3.text.StrTokenizerTest" time="0"/>
  <testcase name="testBasic4" classname="org.apache.commons.lang3.text.StrTokenizerTest" time="0"/>
  <testcase name="testBasic5" classname="org.apache.commons.lang3.text.StrTokenizerTest" time="0"/>
  <testcase name="testGetContent" classname="org.apache.commons.lang3.text.StrTokenizerTest" time="0"/>
  <testcase name="testCloneReset" classname="org.apache.commons.lang3.text.StrTokenizerTest" time="0"/>
  <testcase name="testBasicTrimmed1" classname="org.apache.commons.lang3.text.StrTokenizerTest" time="0"/>
  <testcase name="testBasicTrimmed2" classname="org.apache.commons.lang3.text.StrTokenizerTest" time="0"/>
  <testcase name="testChaining" classname="org.apache.commons.lang3.text.StrTokenizerTest" time="0"/>
</testsuite>