<?xml version="1.0" encoding="UTF-8"?>
<testsuite xmlns:xsi="http://www.w3.org/2001/XMLSchema-instance" xsi:noNamespaceSchemaLocation="https://maven.apache.org/surefire/maven-surefire-plugin/xsd/surefire-test-report.xsd" name="org.apache.commons.lang3.text.ExtendedMessageFormatTest" time="0.045" tests="8" errors="6" skipped="0" failures="0">
  <properties>
[...]
</properties>
  <testcase name="testBuiltInDateTimeFormat" classname="org.apache.commons.lang3.text.ExtendedMessageFormatTest" time="0.009">
    <error message="Cannot invoke &quot;org.apache.commons.lang3.JavaVersion.atLeast(org.apache.commons.lang3.JavaVersion)&quot; because &quot;org.apache.commons.lang3.SystemUtils.JAVA_SPECIFICATION_VERSION_AS_ENUM&quot; is null" type="java.lang.NullPointerException">java.lang.NullPointerException: Cannot invoke "org.apache.commons.lang3.JavaVersion.atLeast(org.apache.commons.lang3.JavaVersion)" because "org.apache.commons.lang3.SystemUtils.JAVA_SPECIFICATION_VERSION_AS_ENUM" is null
	at org.apache.commons.lang3.text.ExtendedMessageFormatTest.assertPatternsEqual(ExtendedMessageFormatTest.java:361)
	at org.apache.commons.lang3.text.ExtendedMessageFormatTest.checkBuiltInFormat(ExtendedMessageFormatTest.java:356)
	at org.apache.commons.lang3.text.ExtendedMessageFormatTest.checkBuiltInFormat(ExtendedMessageFormatTest.java:326)
	at org.apache.commons.lang3.text.ExtendedMessageFormatTest.checkBuiltInFormat(ExtendedMessageFormatTest.java:315)
	at org.apache.commons.lang3.text.ExtendedMessageFormatTest.testBuiltInDateTimeFormat(ExtendedMessageFormatTest.java:211)
</error>
  </testcase>
  <testcase name="testEqualsHashcode" classname="org.apache.commons.lang3.text.ExtendedMessageFormatTest" time="0"/>
  <testcase name="testOverriddenBuiltinFormat" classname="org.apache.commons.lang3.text.ExtendedMessageFormatTest" time="0.001">
    <error message="Cannot invoke &quot;org.apache.commons.lang3.JavaVersion.atLeast(org.apache.commons.lang3.JavaVersion)&quot; because &quot;org.apache.commons.lang3.SystemUtils.JAVA_SPECIFICATION_VERSION_AS_ENUM&quot; is null" type="java.lang.NullPointerException">java.lang.NullPointerException: Cannot invoke "org.apache.commons.lang3.JavaVersion.atLeast(org.apache.commons.lang3.JavaVersion)" because "org.apache.commons.lang3.SystemUtils.JAVA_SPECIFICATION_VERSION_AS_ENUM" is null
	at org.apache.commons.lang3.text.ExtendedMessageFormatTest.assertPatternsEqual(ExtendedMessageFormatTest.java:361)
	at org.apache.commons.lang3.text.ExtendedMessageFormatTest.checkBuiltInFormat(ExtendedMessageFormatTest.java:356)
	at org.apache.commons.lang3.text.ExtendedMessageFormatTest.checkBuiltInFormat(ExtendedMessageFormatTest.java:326)
	at org.apache.commons.lang3.text.ExtendedMessageFormatTest.testOverriddenBuiltinFormat(ExtendedMessageFormatTest.java:234)
</error>
  </testcase>
  <testcase name="testBuiltInChoiceFormat" classname="org.apache.commons.lang3.text.ExtendedMessageFormatTest" time="0.009">
    <error message="Cannot invoke &quot;org.apache.commons.lang3.JavaVersion.atLeast(org.apache.commons.lang3.JavaVersion)&quot; because &quot;org.apache.commons.lang3.SystemUtils.JAVA_SPECIFICATION_VERSION_AS_ENUM&quot; is null" type="java.lang.NullPointerException">java.lang.NullPointerException: Cannot invoke "org.apache.commons.lang3.JavaVersion.atLeast(org.apache.commons.lang3.JavaVersion)" because "org.apache.commons.lang3.SystemUtils.JAVA_SPECIFICATION_VERSION_AS_ENUM" is null
	at org.apache.commons.lang3.text.ExtendedMessageFormatTest.assertPatternsEqual(ExtendedMessageFormatTest.java:361)
	at org.apache.commons.lang3.text.ExtendedMessageFormatTest.checkBuiltInFormat(ExtendedMessageFormatTest.java:356)
	at org.apache.commons.lang3.text.ExtendedMessageFormatTest.checkBuiltInFormat(ExtendedMessageFormatTest.java:326)
	at org.apache.commons.lang3.text.ExtendedMessageFormatTest.checkBuiltInFormat(ExtendedMessageFormatTest.java:315)
	at org.apache.commons.lang3.text.ExtendedMessageFormatTest.testBuiltInChoiceFormat(ExtendedMessageFormatTest.java:192)
</error>
  </testcase>
  <testcase name="testEscapedQuote_LANG_477" classname="org.apache.commons.lang3.text.ExtendedMessageFormatTest" time="0"/>
  <testcase name="testExtendedFormats" classname="org.apache.commons.lang3.text.ExtendedMessageFormatTest" time="0">
    <error message="Cannot invoke &quot;org.apache.commons.lang3.JavaVersion.atLeast(org.apache.commons.lang3.JavaVersion)&quot; because &quot;org.apache.commons.lang3.SystemUtils.JAVA_SPECIFICATION_VERSION_AS_ENUM&quot; is null" type="java.lang.NullPointerException">java.lang.NullPointerException: Cannot invoke "org.apache.commons.lang3.JavaVersion.atLeast(org.apache.commons.lang3.JavaVersion)" because "org.apache.commons.lang3.SystemUtils.JAVA_SPECIFICATION_VERSION_AS_ENUM" is null
	at org.apache.commons.lang3.text.ExtendedMessageFormatTest.assertPatternsEqual(ExtendedMessageFormatTest.java:361)
	at org.apache.commons.lang3.text.ExtendedMessageFormatTest.testExtendedFormats(ExtendedMessageFormatTest.java:64)
</error>
  </testcase>
  <testcase name="testExtendedAndBuiltInFormats" classname="org.apache.commons.lang3.text.ExtendedMessageFormatTest" time="0.024">
    <error message="Cannot invoke &quot;org.apache.commons.lang3.JavaVersion.atLeast(org.apache.commons.lang3.JavaVersion)&quot; because &quot;org.apache.commons.lang3.SystemUtils.JAVA_SPECIFICATION_VERSION_AS_ENUM&quot; is null" type="java.lang.NullPointerException">java.lang.NullPointerException: Cannot invoke "org.apache.commons.lang3.JavaVersion.atLeast(org.apache.commons.lang3.JavaVersion)" because "org.apache.commons.lang3.SystemUtils.JAVA_SPECIFICATION_VERSION_AS_ENUM" is null
	at org.apache.commons.lang3.text.ExtendedMessageFormatTest.assertPatternsEqual(ExtendedMessageFormatTest.java:361)
	at org.apache.commons.lang3.text.ExtendedMessageFormatTest.testExtendedAndBuiltInFormats(ExtendedMessageFormatTest.java:121)
</error>
  </testcase>
  <testcase name="testBuiltInNumberFormat" classname="org.apache.commons.lang3.text.ExtendedMessageFormatTest" time="0.001">
    <error message="Cannot invoke &quot;org.apache.commons.lang3.JavaVersion.atLeast(org.apache.commons.lang3.JavaVersion)&quot; because &quot;org.apache.commons.lang3.SystemUtils.JAVA_SPECIFICATION_VERSION_AS_ENUM&quot; is null" type="java.lang.NullPointerException">java.lang.NullPointerException: Cannot invoke "org.apache.commons.lang3.JavaVersion.atLeast(org.apache.commons.lang3.JavaVersion)" because "org.apache.commons.lang3.SystemUtils.JAVA_SPECIFICATION_VERSION_AS_ENUM" is null
	at org.apache.commons.lang3.text.ExtendedMessageFormatTest.assertPatternsEqual(ExtendedMessageFormatTest.java:361)
	at org.apache.commons.lang3.text.ExtendedMessageFormatTest.checkBuiltInFormat(ExtendedMessageFormatTest.java:356)
	at org.apache.commons.lang3.text.ExtendedMessageFormatTest.checkBuiltInFormat(ExtendedMessageFormatTest.java:326)
	at org.apache.commons.lang3.text.ExtendedMessageFormatTest.checkBuiltInFormat(ExtendedMessageFormatTest.java:315)
	at org.apache.commons.lang3.text.ExtendedMessageFormatTest.testBuiltInNumberFormat(ExtendedMessageFormatTest.java:258)
</error>
  </testcase>
</testsuite>